INFO:skip_debug:[non-media] r/twice | ID: 1lntgou | Title: 250630 Weekly Discussion Thread | Flair: Discussion | Upvotes: 28 | Media URL: https://www.reddit.com/r/twice/comments/1lntgou/250630_weekly_discussion_thread/ | Post Link: https://reddit.com/comments/1lntgou
INFO:skip_debug:[non-media] r/twice | ID: 1ktr1lf | Title: TWICE 4th Full Album "THIS IS FOR" - Pre-order Inf | Flair: Megathread | Upvotes: 120 | Media URL: https://www.reddit.com/r/twice/comments/1ktr1lf/twice_4th_full_album_this_is_for_preorder/ | Post Link: https://reddit.com/comments/1ktr1lf
INFO:skip_debug:[non-media] r/twice | ID: 1lp0gkr | Title: 『THIS IS FOR』POPUP STORE: Foreigner form? | Flair: Question | Upvotes: 10 | Media URL: https://www.reddit.com/r/twice/comments/1lp0gkr/this_is_forpopup_store_foreigner_form/ | Post Link: https://reddit.com/comments/1lp0gkr
INFO:skip_debug:[non-media] r/twice | ID: 1loh9e2 | Title: Help? | Flair: Question | Upvotes: 76 | Media URL: https://www.reddit.com/r/twice/comments/1loh9e2/help/ | Post Link: https://reddit.com/comments/1loh9e2
INFO:skip_debug:[non-media] r/twice | ID: 1lope7m | Title: twice THIS IS FOR world tour setlist predictions | Flair: Question | Upvotes: 17 | Media URL: https://www.reddit.com/r/twice/comments/1lope7m/twice_this_is_for_world_tour_setlist_predictions/ | Post Link: https://reddit.com/comments/1lope7m
INFO:skip_debug:[non-media] r/twice | ID: 1logmaf | Title: About twice updates | Flair: Question | Upvotes: 16 | Media URL: https://www.reddit.com/r/twice/comments/1logmaf/about_twice_updates/ | Post Link: https://reddit.com/comments/1logmaf
INFO:skip_debug:[non-media] r/twice | ID: 1lob7vh | Title: Twice in japan | Flair: Question | Upvotes: 18 | Media URL: https://www.reddit.com/r/twice/comments/1lob7vh/twice_in_japan/ | Post Link: https://reddit.com/comments/1lob7vh
INFO:skip_debug:[non-media] r/twice | ID: 1lo2t7a | Title: Need help buying album for my girlfriend's birthy | Flair: Question | Upvotes: 30 | Media URL: https://www.reddit.com/r/twice/comments/1lo2t7a/need_help_buying_album_for_my_girlfriends_birthy/ | Post Link: https://reddit.com/comments/1lo2t7a
INFO:skip_debug:[non-media] r/twice | ID: 1loa2x8 | Title: ordering albums from uk | Flair: Question | Upvotes: 7 | Media URL: https://www.reddit.com/r/twice/comments/1loa2x8/ordering_albums_from_uk/ | Post Link: https://reddit.com/comments/1loa2x8
INFO:skip_debug:[non-media] r/twice | ID: 1lnlw29 | Title: extraordinary: we do us released so... | Flair: Discussion | Upvotes: 69 | Media URL: https://www.reddit.com/r/twice/comments/1lnlw29/extraordinary_we_do_us_released_so/ | Post Link: https://reddit.com/comments/1lnlw29
INFO:skip_debug:[non-media] r/twice | ID: 1lnial4 | Title: World Tour ticket sale date | Flair: Question | Upvotes: 19 | Media URL: https://www.reddit.com/r/twice/comments/1lnial4/world_tour_ticket_sale_date/ | Post Link: https://reddit.com/comments/1lnial4
INFO:skip_debug:[non-media] r/twice | ID: 1lmxphl | Title: member’s first impression | Flair: Question | Upvotes: 53 | Media URL: https://www.reddit.com/r/twice/comments/1lmxphl/members_first_impression/ | Post Link: https://reddit.com/comments/1lmxphl
INFO:skip_debug:[non-media] r/twice | ID: 1lmt305 | Title: Album Recommendations? | Flair: Question | Upvotes: 37 | Media URL: https://www.reddit.com/r/twice/comments/1lmt305/album_recommendations/ | Post Link: https://reddit.com/comments/1lmt305
INFO:skip_debug:[non-media] r/twice | ID: 1lmrwe3 | Title: Guess for when Europe leg of tour will be ? | Flair: Question | Upvotes: 22 | Media URL: https://www.reddit.com/r/twice/comments/1lmrwe3/guess_for_when_europe_leg_of_tour_will_be/ | Post Link: https://reddit.com/comments/1lmrwe3
INFO:skip_debug:[non-media] r/twice | ID: 1lml14i | Title: YES24 TICKETING | Flair: Question | Upvotes: 30 | Media URL: https://www.reddit.com/r/twice/comments/1lml14i/yes24_ticketing/ | Post Link: https://reddit.com/comments/1lml14i
INFO:skip_debug:[non-media] r/twice | ID: 1lmj5ar | Title: Can anyone help me find this ( possibly Twice) son | Flair: Question | Upvotes: 30 | Media URL: https://www.reddit.com/r/twice/comments/1lmj5ar/can_anyone_help_me_find_this_possibly_twice_song/ | Post Link: https://reddit.com/comments/1lmj5ar
INFO:skip_debug:[non-media] r/twice | ID: 1lm5v3n | Title: Which TWICE songs feels like it was made for you a | Flair: Discussion | Upvotes: 104 | Media URL: https://www.reddit.com/r/twice/comments/1lm5v3n/which_twice_songs_feels_like_it_was_made_for_you/ | Post Link: https://reddit.com/comments/1lm5v3n
INFO:skip_debug:[non-media] r/twice | ID: 1lmhted | Title: Twice Japan tour merch | Flair: Question | Upvotes: 13 | Media URL: https://www.reddit.com/r/twice/comments/1lmhted/twice_japan_tour_merch/ | Post Link: https://reddit.com/comments/1lmhted
INFO:skip_debug:[non-media] r/twice | ID: 1lmce46 | Title: Twice World Tour Merch Questions | Flair: Question | Upvotes: 30 | Media URL: https://www.reddit.com/r/twice/comments/1lmce46/twice_world_tour_merch_questions/ | Post Link: https://reddit.com/comments/1lmce46
INFO:skip_debug:[non-media] r/twice | ID: 1lmyiek | Title: What is TWICE's concept? I've been a Once since th | Flair: Question | Upvotes: 0 | Media URL: https://www.reddit.com/r/twice/comments/1lmyiek/what_is_twices_concept_ive_been_a_once_since_they/ | Post Link: https://reddit.com/comments/1lmyiek
INFO:skip_debug:[non-media] r/twice | ID: 1lmcti5 | Title: Pre sale tickets | Flair: Question | Upvotes: 15 | Media URL: https://www.reddit.com/r/twice/comments/1lmcti5/pre_sale_tickets/ | Post Link: https://reddit.com/comments/1lmcti5
INFO:skip_debug:[non-media] r/twice | ID: 1lm4job | Title: Please help me find this specific Twice performanc | Flair: Question | Upvotes: 45 | Media URL: https://www.reddit.com/r/twice/comments/1lm4job/please_help_me_find_this_specific_twice/ | Post Link: https://reddit.com/comments/1lm4job
INFO:skip_debug:[non-media] r/twice | ID: 1llpzf5 | Title: Which member do you think has the most sapphic/les | Flair: Discussion | Upvotes: 110 | Media URL: https://www.reddit.com/r/twice/comments/1llpzf5/which_member_do_you_think_has_the_most/ | Post Link: https://reddit.com/comments/1llpzf5
INFO:skip_debug:[non-media] r/twice | ID: 1llz9zn | Title: This is For Japan Ticket Question | Flair: Question | Upvotes: 27 | Media URL: https://www.reddit.com/r/twice/comments/1llz9zn/this_is_for_japan_ticket_question/ | Post Link: https://reddit.com/comments/1llz9zn
INFO:skip_debug:[non-media] r/twice | ID: 1ll58z8 | Title: Just watched the recent fridge/cold interview... w | Flair: Question | Upvotes: 135 | Media URL: https://www.reddit.com/r/twice/comments/1ll58z8/just_watched_the_recent_fridgecold_interview_what/ | Post Link: https://reddit.com/comments/1ll58z8
INFO:skip_debug:[non-media] r/twice | ID: 1llfvok | Title: Has there been any announcement of a concert live  | Flair: Question | Upvotes: 33 | Media URL: https://www.reddit.com/r/twice/comments/1llfvok/has_there_been_any_announcement_of_a_concert_live/ | Post Link: https://reddit.com/comments/1llfvok
INFO:skip_debug:[non-media] r/twice | ID: 1llk5h3 | Title: does anybody know of any pinterest boards with upl | Flair: Question | Upvotes: 12 | Media URL: https://www.reddit.com/r/twice/comments/1llk5h3/does_anybody_know_of_any_pinterest_boards_with/ | Post Link: https://reddit.com/comments/1llk5h3
INFO:skip_debug:[non-media] r/twice | ID: 1llacxn | Title: TwiceShop | Flair: Question | Upvotes: 26 | Media URL: https://www.reddit.com/r/twice/comments/1llacxn/twiceshop/ | Post Link: https://reddit.com/comments/1llacxn
INFO:skip_debug:[non-media] r/twice | ID: 1lkx0kt | Title: ONCE UPON A NEWS - Weekly Twice News Ed.299 | Flair: News | Upvotes: 22 | Media URL: https://www.reddit.com/r/twice/comments/1lkx0kt/once_upon_a_news_weekly_twice_news_ed299/ | Post Link: https://reddit.com/comments/1lkx0kt
INFO:skip_debug:[non-media] r/twice | ID: 1lkwjo8 | Title: What do you guys think are the chances they’ll do  | Flair: Discussion | Upvotes: 26 | Media URL: https://www.reddit.com/r/twice/comments/1lkwjo8/what_do_you_guys_think_are_the_chances_theyll_do/ | Post Link: https://reddit.com/comments/1lkwjo8
INFO:skip_debug:[non-media] r/twice | ID: 1lkwcps | Title: Once Japan Membership | Flair: Question | Upvotes: 7 | Media URL: https://www.reddit.com/r/twice/comments/1lkwcps/once_japan_membership/ | Post Link: https://reddit.com/comments/1lkwcps
INFO:skip_debug:[non-media] r/twice | ID: 1lkd21p | Title: Now that we are getting closer to 10 years, what w | Flair: Discussion | Upvotes: 93 | Media URL: https://www.reddit.com/r/twice/comments/1lkd21p/now_that_we_are_getting_closer_to_10_years_what/ | Post Link: https://reddit.com/comments/1lkd21p
INFO:skip_debug:[non-media] r/twice | ID: 1lkg9bb | Title: Signed albums | Flair: Question | Upvotes: 39 | Media URL: https://www.reddit.com/r/twice/comments/1lkg9bb/signed_albums/ | Post Link: https://reddit.com/comments/1lkg9bb
INFO:skip_debug:[non-media] r/twice | ID: 1lk3xyh | Title: If TWICE didn’t use Once as their fan’s names for  | Flair: Discussion | Upvotes: 89 | Media URL: https://www.reddit.com/r/twice/comments/1lk3xyh/if_twice_didnt_use_once_as_their_fans_names_for/ | Post Link: https://reddit.com/comments/1lk3xyh
INFO:skip_debug:[non-media] r/twice | ID: 1lk9syk | Title: Has any USA Once gotten their KR 5th Gen Fanclub p | Flair: Question | Upvotes: 19 | Media URL: https://www.reddit.com/r/twice/comments/1lk9syk/has_any_usa_once_gotten_their_kr_5th_gen_fanclub/ | Post Link: https://reddit.com/comments/1lk9syk
INFO:skip_debug:[non-media] r/twice | ID: 1lk1yzf | Title: Any ONCEs also solo traveling or going in a group  | Flair: Discussion | Upvotes: 47 | Media URL: https://www.reddit.com/r/twice/comments/1lk1yzf/any_onces_also_solo_traveling_or_going_in_a_group/ | Post Link: https://reddit.com/comments/1lk1yzf
